The system is: Linux - 4.11.3-1-ARCH - x86_64
Compiling the C compiler identification source file "CMakeCCompilerId.c" succeeded.
Compiler: /usr/bin/cc 
Build flags: 
Id flags: 

The output was:
0


Compilation of the C compiler identification source "CMakeCCompilerId.c" produced "a.out"

The C compiler identification is GNU, found in "/home/thedoga/WorkSpace/gomocup/src/wine-vs-goband/cmake-build-debug/CMakeFiles/3.7.2/CompilerIdC/a.out"

Compiling the CXX compiler identification source file "CMakeCXXCompilerId.cpp" succeeded.
Compiler: /usr/bin/c++ 
Build flags: 
Id flags: 

The output was:
0


Compilation of the CXX compiler identification source "CMakeCXXCompilerId.cpp" produced "a.out"

The CXX compiler identification is GNU, found in "/home/thedoga/WorkSpace/gomocup/src/wine-vs-goband/cmake-build-debug/CMakeFiles/3.7.2/CompilerIdCXX/a.out"

Determining if the C compiler works passed with the following output:
Change Dir: /home/thedoga/WorkSpace/gomocup/src/wine-vs-goband/cmake-build-debug/CMakeFiles/CMakeTmp

Run Build Command:"/usr/bin/make" "cmTC_0d289/fast"
/usr/bin/make -f CMakeFiles/cmTC_0d289.dir/build.make CMakeFiles/cmTC_0d289.dir/build
make[1]: 进入目录“/home/thedoga/WorkSpace/gomocup/src/wine-vs-goband/cmake-build-debug/CMakeFiles/CMakeTmp”
Building C object CMakeFiles/cmTC_0d289.dir/testCCompiler.c.o
/usr/bin/cc     -o CMakeFiles/cmTC_0d289.dir/testCCompiler.c.o   -c /home/thedoga/WorkSpace/gomocup/src/wine-vs-goband/cmake-build-debug/CMakeFiles/CMakeTmp/testCCompiler.c
Linking C executable cmTC_0d289
/home/thedoga/Software/clion-2017.1.2/bin/cmake/bin/cmake -E cmake_link_script CMakeFiles/cmTC_0d289.dir/link.txt --verbose=1
/usr/bin/cc       CMakeFiles/cmTC_0d289.dir/testCCompiler.c.o  -o cmTC_0d289 
make[1]: 离开目录“/home/thedoga/WorkSpace/gomocup/src/wine-vs-goband/cmake-build-debug/CMakeFiles/CMakeTmp”


Detecting C compiler ABI info compiled with the following output:
Change Dir: /home/thedoga/WorkSpace/gomocup/src/wine-vs-goband/cmake-build-debug/CMakeFiles/CMakeTmp

Run Build Command:"/usr/bin/make" "cmTC_c883a/fast"
/usr/bin/make -f CMakeFiles/cmTC_c883a.dir/build.make CMakeFiles/cmTC_c883a.dir/build
make[1]: 进入目录“/home/thedoga/WorkSpace/gomocup/src/wine-vs-goband/cmake-build-debug/CMakeFiles/CMakeTmp”
Building C object CMakeFiles/cmTC_c883a.dir/CMakeCCompilerABI.c.o
/usr/bin/cc     -o CMakeFiles/cmTC_c883a.dir/CMakeCCompilerABI.c.o   -c /home/thedoga/Software/clion-2017.1.2/bin/cmake/share/cmake-3.7/Modules/CMakeCCompilerABI.c
Linking C executable cmTC_c883a
/home/thedoga/Software/clion-2017.1.2/bin/cmake/bin/cmake -E cmake_link_script CMakeFiles/cmTC_c883a.dir/link.txt --verbose=1
/usr/bin/cc      -v CMakeFiles/cmTC_c883a.dir/CMakeCCompilerABI.c.o  -o cmTC_c883a  
使用内建 specs。
COLLECT_GCC=/usr/bin/cc
COLLECT_LTO_WRAPPER=/usr/lib/gcc/x86_64-pc-linux-gnu/7.1.1/lto-wrapper
目标：x86_64-pc-linux-gnu
配置为：/build/gcc/src/gcc/configure --prefix=/usr --libdir=/usr/lib --libexecdir=/usr/lib --mandir=/usr/share/man --infodir=/usr/share/info --with-bugurl=https://bugs.archlinux.org/ --enable-languages=c,c++,ada,fortran,go,lto,objc,obj-c++ --enable-shared --enable-threads=posix --enable-libmpx --with-system-zlib --with-isl --enable-__cxa_atexit --disable-libunwind-exceptions --enable-clocale=gnu --disable-libstdcxx-pch --disable-libssp --enable-gnu-unique-object --enable-linker-build-id --enable-lto --enable-plugin --enable-install-libiberty --with-linker-hash-style=gnu --enable-gnu-indirect-function --disable-multilib --disable-werror --enable-checking=release
线程模型：posix
gcc 版本 7.1.1 20170516 (GCC) 
COMPILER_PATH=/usr/lib/gcc/x86_64-pc-linux-gnu/7.1.1/:/usr/lib/gcc/x86_64-pc-linux-gnu/7.1.1/:/usr/lib/gcc/x86_64-pc-linux-gnu/:/usr/lib/gcc/x86_64-pc-linux-gnu/7.1.1/:/usr/lib/gcc/x86_64-pc-linux-gnu/
LIBRARY_PATH=/usr/lib/gcc/x86_64-pc-linux-gnu/7.1.1/:/usr/lib/gcc/x86_64-pc-linux-gnu/7.1.1/../../../../lib/:/lib/../lib/:/usr/lib/../lib/:/usr/lib/gcc/x86_64-pc-linux-gnu/7.1.1/../../../:/lib/:/usr/lib/
COLLECT_GCC_OPTIONS='-v' '-o' 'cmTC_c883a' '-mtune=generic' '-march=x86-64'
 /usr/lib/gcc/x86_64-pc-linux-gnu/7.1.1/collect2 -plugin /usr/lib/gcc/x86_64-pc-linux-gnu/7.1.1/liblto_plugin.so -plugin-opt=/usr/lib/gcc/x86_64-pc-linux-gnu/7.1.1/lto-wrapper -plugin-opt=-fresolution=/tmp/ccQSiV5e.res -plugin-opt=-pass-through=-lgcc -plugin-opt=-pass-through=-lgcc_s -plugin-opt=-pass-through=-lc -plugin-opt=-pass-through=-lgcc -plugin-opt=-pass-through=-lgcc_s --build-id --eh-frame-hdr --hash-style=gnu -m elf_x86_64 -dynamic-linker /lib64/ld-linux-x86-64.so.2 -o cmTC_c883a /usr/lib/gcc/x86_64-pc-linux-gnu/7.1.1/../../../../lib/crt1.o /usr/lib/gcc/x86_64-pc-linux-gnu/7.1.1/../../../../lib/crti.o /usr/lib/gcc/x86_64-pc-linux-gnu/7.1.1/crtbegin.o -L/usr/lib/gcc/x86_64-pc-linux-gnu/7.1.1 -L/usr/lib/gcc/x86_64-pc-linux-gnu/7.1.1/../../../../lib -L/lib/../lib -L/usr/lib/../lib -L/usr/lib/gcc/x86_64-pc-linux-gnu/7.1.1/../../.. CMakeFiles/cmTC_c883a.dir/CMakeCCompilerABI.c.o -lgcc --as-needed -lgcc_s --no-as-needed -lc -lgcc --as-needed -lgcc_s --no-as-needed /usr/lib/gcc/x86_64-pc-linux-gnu/7.1.1/crtend.o /usr/lib/gcc/x86_64-pc-linux-gnu/7.1.1/../../../../lib/crtn.o
COLLECT_GCC_OPTIONS='-v' '-o' 'cmTC_c883a' '-mtune=generic' '-march=x86-64'
make[1]: 离开目录“/home/thedoga/WorkSpace/gomocup/src/wine-vs-goband/cmake-build-debug/CMakeFiles/CMakeTmp”


Parsed C implicit link information from above output:
  link line regex: [^( *|.*[/\])(ld|([^/\]+-)?ld|collect2)[^/\]*( |$)]
  ignore line: [Change Dir: /home/thedoga/WorkSpace/gomocup/src/wine-vs-goband/cmake-build-debug/CMakeFiles/CMakeTmp]
  ignore line: []
  ignore line: [Run Build Command:"/usr/bin/make" "cmTC_c883a/fast"]
  ignore line: [/usr/bin/make -f CMakeFiles/cmTC_c883a.dir/build.make CMakeFiles/cmTC_c883a.dir/build]
  ignore line: [make[1]: 进入目录“/home/thedoga/WorkSpace/gomocup/src/wine-vs-goband/cmake-build-debug/CMakeFiles/CMakeTmp”]
  ignore line: [Building C object CMakeFiles/cmTC_c883a.dir/CMakeCCompilerABI.c.o]
  ignore line: [/usr/bin/cc     -o CMakeFiles/cmTC_c883a.dir/CMakeCCompilerABI.c.o   -c /home/thedoga/Software/clion-2017.1.2/bin/cmake/share/cmake-3.7/Modules/CMakeCCompilerABI.c]
  ignore line: [Linking C executable cmTC_c883a]
  ignore line: [/home/thedoga/Software/clion-2017.1.2/bin/cmake/bin/cmake -E cmake_link_script CMakeFiles/cmTC_c883a.dir/link.txt --verbose=1]
  ignore line: [/usr/bin/cc      -v CMakeFiles/cmTC_c883a.dir/CMakeCCompilerABI.c.o  -o cmTC_c883a  ]
  ignore line: [使用内建 specs。]
  ignore line: [COLLECT_GCC=/usr/bin/cc]
  ignore line: [COLLECT_LTO_WRAPPER=/usr/lib/gcc/x86_64-pc-linux-gnu/7.1.1/lto-wrapper]
  ignore line: [目标：x86_64-pc-linux-gnu]
  ignore line: [配置为：/build/gcc/src/gcc/configure --prefix=/usr --libdir=/usr/lib --libexecdir=/usr/lib --mandir=/usr/share/man --infodir=/usr/share/info --with-bugurl=https://bugs.archlinux.org/ --enable-languages=c,c++,ada,fortran,go,lto,objc,obj-c++ --enable-shared --enable-threads=posix --enable-libmpx --with-system-zlib --with-isl --enable-__cxa_atexit --disable-libunwind-exceptions --enable-clocale=gnu --disable-libstdcxx-pch --disable-libssp --enable-gnu-unique-object --enable-linker-build-id --enable-lto --enable-plugin --enable-install-libiberty --with-linker-hash-style=gnu --enable-gnu-indirect-function --disable-multilib --disable-werror --enable-checking=release]
  ignore line: [线程模型：posix]
  ignore line: [gcc 版本 7.1.1 20170516 (GCC) ]
  ignore line: [COMPILER_PATH=/usr/lib/gcc/x86_64-pc-linux-gnu/7.1.1/:/usr/lib/gcc/x86_64-pc-linux-gnu/7.1.1/:/usr/lib/gcc/x86_64-pc-linux-gnu/:/usr/lib/gcc/x86_64-pc-linux-gnu/7.1.1/:/usr/lib/gcc/x86_64-pc-linux-gnu/]
  ignore line: [LIBRARY_PATH=/usr/lib/gcc/x86_64-pc-linux-gnu/7.1.1/:/usr/lib/gcc/x86_64-pc-linux-gnu/7.1.1/../../../../lib/:/lib/../lib/:/usr/lib/../lib/:/usr/lib/gcc/x86_64-pc-linux-gnu/7.1.1/../../../:/lib/:/usr/lib/]
  ignore line: [COLLECT_GCC_OPTIONS='-v' '-o' 'cmTC_c883a' '-mtune=generic' '-march=x86-64']
  link line: [ /usr/lib/gcc/x86_64-pc-linux-gnu/7.1.1/collect2 -plugin /usr/lib/gcc/x86_64-pc-linux-gnu/7.1.1/liblto_plugin.so -plugin-opt=/usr/lib/gcc/x86_64-pc-linux-gnu/7.1.1/lto-wrapper -plugin-opt=-fresolution=/tmp/ccQSiV5e.res -plugin-opt=-pass-through=-lgcc -plugin-opt=-pass-through=-lgcc_s -plugin-opt=-pass-through=-lc -plugin-opt=-pass-through=-lgcc -plugin-opt=-pass-through=-lgcc_s --build-id --eh-frame-hdr --hash-style=gnu -m elf_x86_64 -dynamic-linker /lib64/ld-linux-x86-64.so.2 -o cmTC_c883a /usr/lib/gcc/x86_64-pc-linux-gnu/7.1.1/../../../../lib/crt1.o /usr/lib/gcc/x86_64-pc-linux-gnu/7.1.1/../../../../lib/crti.o /usr/lib/gcc/x86_64-pc-linux-gnu/7.1.1/crtbegin.o -L/usr/lib/gcc/x86_64-pc-linux-gnu/7.1.1 -L/usr/lib/gcc/x86_64-pc-linux-gnu/7.1.1/../../../../lib -L/lib/../lib -L/usr/lib/../lib -L/usr/lib/gcc/x86_64-pc-linux-gnu/7.1.1/../../.. CMakeFiles/cmTC_c883a.dir/CMakeCCompilerABI.c.o -lgcc --as-needed -lgcc_s --no-as-needed -lc -lgcc --as-needed -lgcc_s --no-as-needed /usr/lib/gcc/x86_64-pc-linux-gnu/7.1.1/crtend.o /usr/lib/gcc/x86_64-pc-linux-gnu/7.1.1/../../../../lib/crtn.o]
    arg [/usr/lib/gcc/x86_64-pc-linux-gnu/7.1.1/collect2] ==> ignore
    arg [-plugin] ==> ignore
    arg [/usr/lib/gcc/x86_64-pc-linux-gnu/7.1.1/liblto_plugin.so] ==> ignore
    arg [-plugin-opt=/usr/lib/gcc/x86_64-pc-linux-gnu/7.1.1/lto-wrapper] ==> ignore
    arg [-plugin-opt=-fresolution=/tmp/ccQSiV5e.res] ==> ignore
    arg [-plugin-opt=-pass-through=-lgcc] ==> ignore
    arg [-plugin-opt=-pass-through=-lgcc_s] ==> ignore
    arg [-plugin-opt=-pass-through=-lc] ==> ignore
    arg [-plugin-opt=-pass-through=-lgcc] ==> ignore
    arg [-plugin-opt=-pass-through=-lgcc_s] ==> ignore
    arg [--build-id] ==> ignore
    arg [--eh-frame-hdr] ==> ignore
    arg [--hash-style=gnu] ==> ignore
    arg [-m] ==> ignore
    arg [elf_x86_64] ==> ignore
    arg [-dynamic-linker] ==> ignore
    arg [/lib64/ld-linux-x86-64.so.2] ==> ignore
    arg [-o] ==> ignore
    arg [cmTC_c883a] ==> ignore
    arg [/usr/lib/gcc/x86_64-pc-linux-gnu/7.1.1/../../../../lib/crt1.o] ==> ignore
    arg [/usr/lib/gcc/x86_64-pc-linux-gnu/7.1.1/../../../../lib/crti.o] ==> ignore
    arg [/usr/lib/gcc/x86_64-pc-linux-gnu/7.1.1/crtbegin.o] ==> ignore
    arg [-L/usr/lib/gcc/x86_64-pc-linux-gnu/7.1.1] ==> dir [/usr/lib/gcc/x86_64-pc-linux-gnu/7.1.1]
    arg [-L/usr/lib/gcc/x86_64-pc-linux-gnu/7.1.1/../../../../lib] ==> dir [/usr/lib/gcc/x86_64-pc-linux-gnu/7.1.1/../../../../lib]
    arg [-L/lib/../lib] ==> dir [/lib/../lib]
    arg [-L/usr/lib/../lib] ==> dir [/usr/lib/../lib]
    arg [-L/usr/lib/gcc/x86_64-pc-linux-gnu/7.1.1/../../..] ==> dir [/usr/lib/gcc/x86_64-pc-linux-gnu/7.1.1/../../..]
    arg [CMakeFiles/cmTC_c883a.dir/CMakeCCompilerABI.c.o] ==> ignore
    arg [-lgcc] ==> lib [gcc]
    arg [--as-needed] ==> ignore
    arg [-lgcc_s] ==> lib [gcc_s]
    arg [--no-as-needed] ==> ignore
    arg [-lc] ==> lib [c]
    arg [-lgcc] ==> lib [gcc]
    arg [--as-needed] ==> ignore
    arg [-lgcc_s] ==> lib [gcc_s]
    arg [--no-as-needed] ==> ignore
    arg [/usr/lib/gcc/x86_64-pc-linux-gnu/7.1.1/crtend.o] ==> ignore
    arg [/usr/lib/gcc/x86_64-pc-linux-gnu/7.1.1/../../../../lib/crtn.o] ==> ignore
  remove lib [gcc]
  remove lib [gcc_s]
  remove lib [gcc]
  remove lib [gcc_s]
  collapse library dir [/usr/lib/gcc/x86_64-pc-linux-gnu/7.1.1] ==> [/usr/lib/gcc/x86_64-pc-linux-gnu/7.1.1]
  collapse library dir [/usr/lib/gcc/x86_64-pc-linux-gnu/7.1.1/../../../../lib] ==> [/usr/lib]
  collapse library dir [/lib/../lib] ==> [/lib]
  collapse library dir [/usr/lib/../lib] ==> [/usr/lib]
  collapse library dir [/usr/lib/gcc/x86_64-pc-linux-gnu/7.1.1/../../..] ==> [/usr/lib]
  implicit libs: [c]
  implicit dirs: [/usr/lib/gcc/x86_64-pc-linux-gnu/7.1.1;/usr/lib;/lib]
  implicit fwks: []




Detecting C [-std=c11] compiler features compiled with the following output:
Change Dir: /home/thedoga/WorkSpace/gomocup/src/wine-vs-goband/cmake-build-debug/CMakeFiles/CMakeTmp

Run Build Command:"/usr/bin/make" "cmTC_01868/fast"
/usr/bin/make -f CMakeFiles/cmTC_01868.dir/build.make CMakeFiles/cmTC_01868.dir/build
make[1]: 进入目录“/home/thedoga/WorkSpace/gomocup/src/wine-vs-goband/cmake-build-debug/CMakeFiles/CMakeTmp”
Building C object CMakeFiles/cmTC_01868.dir/feature_tests.c.o
/usr/bin/cc    -std=c11 -o CMakeFiles/cmTC_01868.dir/feature_tests.c.o   -c /home/thedoga/WorkSpace/gomocup/src/wine-vs-goband/cmake-build-debug/CMakeFiles/feature_tests.c
Linking C executable cmTC_01868
/home/thedoga/Software/clion-2017.1.2/bin/cmake/bin/cmake -E cmake_link_script CMakeFiles/cmTC_01868.dir/link.txt --verbose=1
/usr/bin/cc       CMakeFiles/cmTC_01868.dir/feature_tests.c.o  -o cmTC_01868 
make[1]: 离开目录“/home/thedoga/WorkSpace/gomocup/src/wine-vs-goband/cmake-build-debug/CMakeFiles/CMakeTmp”


    Feature record: C_FEATURE:1c_function_prototypes
    Feature record: C_FEATURE:1c_restrict
    Feature record: C_FEATURE:1c_static_assert
    Feature record: C_FEATURE:1c_variadic_macros


Detecting C [-std=c99] compiler features compiled with the following output:
Change Dir: /home/thedoga/WorkSpace/gomocup/src/wine-vs-goband/cmake-build-debug/CMakeFiles/CMakeTmp

Run Build Command:"/usr/bin/make" "cmTC_8da40/fast"
/usr/bin/make -f CMakeFiles/cmTC_8da40.dir/build.make CMakeFiles/cmTC_8da40.dir/build
make[1]: 进入目录“/home/thedoga/WorkSpace/gomocup/src/wine-vs-goband/cmake-build-debug/CMakeFiles/CMakeTmp”
Building C object CMakeFiles/cmTC_8da40.dir/feature_tests.c.o
/usr/bin/cc    -std=c99 -o CMakeFiles/cmTC_8da40.dir/feature_tests.c.o   -c /home/thedoga/WorkSpace/gomocup/src/wine-vs-goband/cmake-build-debug/CMakeFiles/feature_tests.c
Linking C executable cmTC_8da40
/home/thedoga/Software/clion-2017.1.2/bin/cmake/bin/cmake -E cmake_link_script CMakeFiles/cmTC_8da40.dir/link.txt --verbose=1
/usr/bin/cc       CMakeFiles/cmTC_8da40.dir/feature_tests.c.o  -o cmTC_8da40 
make[1]: 离开目录“/home/thedoga/WorkSpace/gomocup/src/wine-vs-goband/cmake-build-debug/CMakeFiles/CMakeTmp”


    Feature record: C_FEATURE:1c_function_prototypes
    Feature record: C_FEATURE:1c_restrict
    Feature record: C_FEATURE:0c_static_assert
    Feature record: C_FEATURE:1c_variadic_macros


Detecting C [-std=c90] compiler features compiled with the following output:
Change Dir: /home/thedoga/WorkSpace/gomocup/src/wine-vs-goband/cmake-build-debug/CMakeFiles/CMakeTmp

Run Build Command:"/usr/bin/make" "cmTC_450c0/fast"
/usr/bin/make -f CMakeFiles/cmTC_450c0.dir/build.make CMakeFiles/cmTC_450c0.dir/build
make[1]: 进入目录“/home/thedoga/WorkSpace/gomocup/src/wine-vs-goband/cmake-build-debug/CMakeFiles/CMakeTmp”
Building C object CMakeFiles/cmTC_450c0.dir/feature_tests.c.o
/usr/bin/cc    -std=c90 -o CMakeFiles/cmTC_450c0.dir/feature_tests.c.o   -c /home/thedoga/WorkSpace/gomocup/src/wine-vs-goband/cmake-build-debug/CMakeFiles/feature_tests.c
Linking C executable cmTC_450c0
/home/thedoga/Software/clion-2017.1.2/bin/cmake/bin/cmake -E cmake_link_script CMakeFiles/cmTC_450c0.dir/link.txt --verbose=1
/usr/bin/cc       CMakeFiles/cmTC_450c0.dir/feature_tests.c.o  -o cmTC_450c0 
make[1]: 离开目录“/home/thedoga/WorkSpace/gomocup/src/wine-vs-goband/cmake-build-debug/CMakeFiles/CMakeTmp”


    Feature record: C_FEATURE:1c_function_prototypes
    Feature record: C_FEATURE:0c_restrict
    Feature record: C_FEATURE:0c_static_assert
    Feature record: C_FEATURE:0c_variadic_macros
Determining if the CXX compiler works passed with the following output:
Change Dir: /home/thedoga/WorkSpace/gomocup/src/wine-vs-goband/cmake-build-debug/CMakeFiles/CMakeTmp

Run Build Command:"/usr/bin/make" "cmTC_4c52b/fast"
/usr/bin/make -f CMakeFiles/cmTC_4c52b.dir/build.make CMakeFiles/cmTC_4c52b.dir/build
make[1]: 进入目录“/home/thedoga/WorkSpace/gomocup/src/wine-vs-goband/cmake-build-debug/CMakeFiles/CMakeTmp”
Building CXX object CMakeFiles/cmTC_4c52b.dir/testCXXCompiler.cxx.o
/usr/bin/c++      -o CMakeFiles/cmTC_4c52b.dir/testCXXCompiler.cxx.o -c /home/thedoga/WorkSpace/gomocup/src/wine-vs-goband/cmake-build-debug/CMakeFiles/CMakeTmp/testCXXCompiler.cxx
Linking CXX executable cmTC_4c52b
/home/thedoga/Software/clion-2017.1.2/bin/cmake/bin/cmake -E cmake_link_script CMakeFiles/cmTC_4c52b.dir/link.txt --verbose=1
/usr/bin/c++        CMakeFiles/cmTC_4c52b.dir/testCXXCompiler.cxx.o  -o cmTC_4c52b 
make[1]: 离开目录“/home/thedoga/WorkSpace/gomocup/src/wine-vs-goband/cmake-build-debug/CMakeFiles/CMakeTmp”


Detecting CXX compiler ABI info compiled with the following output:
Change Dir: /home/thedoga/WorkSpace/gomocup/src/wine-vs-goband/cmake-build-debug/CMakeFiles/CMakeTmp

Run Build Command:"/usr/bin/make" "cmTC_83a4c/fast"
/usr/bin/make -f CMakeFiles/cmTC_83a4c.dir/build.make CMakeFiles/cmTC_83a4c.dir/build
make[1]: 进入目录“/home/thedoga/WorkSpace/gomocup/src/wine-vs-goband/cmake-build-debug/CMakeFiles/CMakeTmp”
Building CXX object CMakeFiles/cmTC_83a4c.dir/CMakeCXXCompilerABI.cpp.o
/usr/bin/c++      -o CMakeFiles/cmTC_83a4c.dir/CMakeCXXCompilerABI.cpp.o -c /home/thedoga/Software/clion-2017.1.2/bin/cmake/share/cmake-3.7/Modules/CMakeCXXCompilerABI.cpp
Linking CXX executable cmTC_83a4c
/home/thedoga/Software/clion-2017.1.2/bin/cmake/bin/cmake -E cmake_link_script CMakeFiles/cmTC_83a4c.dir/link.txt --verbose=1
/usr/bin/c++       -v CMakeFiles/cmTC_83a4c.dir/CMakeCXXCompilerABI.cpp.o  -o cmTC_83a4c  
使用内建 specs。
COLLECT_GCC=/usr/bin/c++
COLLECT_LTO_WRAPPER=/usr/lib/gcc/x86_64-pc-linux-gnu/7.1.1/lto-wrapper
目标：x86_64-pc-linux-gnu
配置为：/build/gcc/src/gcc/configure --prefix=/usr --libdir=/usr/lib --libexecdir=/usr/lib --mandir=/usr/share/man --infodir=/usr/share/info --with-bugurl=https://bugs.archlinux.org/ --enable-languages=c,c++,ada,fortran,go,lto,objc,obj-c++ --enable-shared --enable-threads=posix --enable-libmpx --with-system-zlib --with-isl --enable-__cxa_atexit --disable-libunwind-exceptions --enable-clocale=gnu --disable-libstdcxx-pch --disable-libssp --enable-gnu-unique-object --enable-linker-build-id --enable-lto --enable-plugin --enable-install-libiberty --with-linker-hash-style=gnu --enable-gnu-indirect-function --disable-multilib --disable-werror --enable-checking=release
线程模型：posix
gcc 版本 7.1.1 20170516 (GCC) 
COMPILER_PATH=/usr/lib/gcc/x86_64-pc-linux-gnu/7.1.1/:/usr/lib/gcc/x86_64-pc-linux-gnu/7.1.1/:/usr/lib/gcc/x86_64-pc-linux-gnu/:/usr/lib/gcc/x86_64-pc-linux-gnu/7.1.1/:/usr/lib/gcc/x86_64-pc-linux-gnu/
LIBRARY_PATH=/usr/lib/gcc/x86_64-pc-linux-gnu/7.1.1/:/usr/lib/gcc/x86_64-pc-linux-gnu/7.1.1/../../../../lib/:/lib/../lib/:/usr/lib/../lib/:/usr/lib/gcc/x86_64-pc-linux-gnu/7.1.1/../../../:/lib/:/usr/lib/
COLLECT_GCC_OPTIONS='-v' '-o' 'cmTC_83a4c' '-shared-libgcc' '-mtune=generic' '-march=x86-64'
 /usr/lib/gcc/x86_64-pc-linux-gnu/7.1.1/collect2 -plugin /usr/lib/gcc/x86_64-pc-linux-gnu/7.1.1/liblto_plugin.so -plugin-opt=/usr/lib/gcc/x86_64-pc-linux-gnu/7.1.1/lto-wrapper -plugin-opt=-fresolution=/tmp/ccmHfMbo.res -plugin-opt=-pass-through=-lgcc_s -plugin-opt=-pass-through=-lgcc -plugin-opt=-pass-through=-lc -plugin-opt=-pass-through=-lgcc_s -plugin-opt=-pass-through=-lgcc --build-id --eh-frame-hdr --hash-style=gnu -m elf_x86_64 -dynamic-linker /lib64/ld-linux-x86-64.so.2 -o cmTC_83a4c /usr/lib/gcc/x86_64-pc-linux-gnu/7.1.1/../../../../lib/crt1.o /usr/lib/gcc/x86_64-pc-linux-gnu/7.1.1/../../../../lib/crti.o /usr/lib/gcc/x86_64-pc-linux-gnu/7.1.1/crtbegin.o -L/usr/lib/gcc/x86_64-pc-linux-gnu/7.1.1 -L/usr/lib/gcc/x86_64-pc-linux-gnu/7.1.1/../../../../lib -L/lib/../lib -L/usr/lib/../lib -L/usr/lib/gcc/x86_64-pc-linux-gnu/7.1.1/../../.. CMakeFiles/cmTC_83a4c.dir/CMakeCXXCompilerABI.cpp.o -lstdc++ -lm -lgcc_s -lgcc -lc -lgcc_s -lgcc /usr/lib/gcc/x86_64-pc-linux-gnu/7.1.1/crtend.o /usr/lib/gcc/x86_64-pc-linux-gnu/7.1.1/../../../../lib/crtn.o
COLLECT_GCC_OPTIONS='-v' '-o' 'cmTC_83a4c' '-shared-libgcc' '-mtune=generic' '-march=x86-64'
make[1]: 离开目录“/home/thedoga/WorkSpace/gomocup/src/wine-vs-goband/cmake-build-debug/CMakeFiles/CMakeTmp”


Parsed CXX implicit link information from above output:
  link line regex: [^( *|.*[/\])(ld|([^/\]+-)?ld|collect2)[^/\]*( |$)]
  ignore line: [Change Dir: /home/thedoga/WorkSpace/gomocup/src/wine-vs-goband/cmake-build-debug/CMakeFiles/CMakeTmp]
  ignore line: []
  ignore line: [Run Build Command:"/usr/bin/make" "cmTC_83a4c/fast"]
  ignore line: [/usr/bin/make -f CMakeFiles/cmTC_83a4c.dir/build.make CMakeFiles/cmTC_83a4c.dir/build]
  ignore line: [make[1]: 进入目录“/home/thedoga/WorkSpace/gomocup/src/wine-vs-goband/cmake-build-debug/CMakeFiles/CMakeTmp”]
  ignore line: [Building CXX object CMakeFiles/cmTC_83a4c.dir/CMakeCXXCompilerABI.cpp.o]
  ignore line: [/usr/bin/c++      -o CMakeFiles/cmTC_83a4c.dir/CMakeCXXCompilerABI.cpp.o -c /home/thedoga/Software/clion-2017.1.2/bin/cmake/share/cmake-3.7/Modules/CMakeCXXCompilerABI.cpp]
  ignore line: [Linking CXX executable cmTC_83a4c]
  ignore line: [/home/thedoga/Software/clion-2017.1.2/bin/cmake/bin/cmake -E cmake_link_script CMakeFiles/cmTC_83a4c.dir/link.txt --verbose=1]
  ignore line: [/usr/bin/c++       -v CMakeFiles/cmTC_83a4c.dir/CMakeCXXCompilerABI.cpp.o  -o cmTC_83a4c  ]
  ignore line: [使用内建 specs。]
  ignore line: [COLLECT_GCC=/usr/bin/c++]
  ignore line: [COLLECT_LTO_WRAPPER=/usr/lib/gcc/x86_64-pc-linux-gnu/7.1.1/lto-wrapper]
  ignore line: [目标：x86_64-pc-linux-gnu]
  ignore line: [配置为：/build/gcc/src/gcc/configure --prefix=/usr --libdir=/usr/lib --libexecdir=/usr/lib --mandir=/usr/share/man --infodir=/usr/share/info --with-bugurl=https://bugs.archlinux.org/ --enable-languages=c,c++,ada,fortran,go,lto,objc,obj-c++ --enable-shared --enable-threads=posix --enable-libmpx --with-system-zlib --with-isl --enable-__cxa_atexit --disable-libunwind-exceptions --enable-clocale=gnu --disable-libstdcxx-pch --disable-libssp --enable-gnu-unique-object --enable-linker-build-id --enable-lto --enable-plugin --enable-install-libiberty --with-linker-hash-style=gnu --enable-gnu-indirect-function --disable-multilib --disable-werror --enable-checking=release]
  ignore line: [线程模型：posix]
  ignore line: [gcc 版本 7.1.1 20170516 (GCC) ]
  ignore line: [COMPILER_PATH=/usr/lib/gcc/x86_64-pc-linux-gnu/7.1.1/:/usr/lib/gcc/x86_64-pc-linux-gnu/7.1.1/:/usr/lib/gcc/x86_64-pc-linux-gnu/:/usr/lib/gcc/x86_64-pc-linux-gnu/7.1.1/:/usr/lib/gcc/x86_64-pc-linux-gnu/]
  ignore line: [LIBRARY_PATH=/usr/lib/gcc/x86_64-pc-linux-gnu/7.1.1/:/usr/lib/gcc/x86_64-pc-linux-gnu/7.1.1/../../../../lib/:/lib/../lib/:/usr/lib/../lib/:/usr/lib/gcc/x86_64-pc-linux-gnu/7.1.1/../../../:/lib/:/usr/lib/]
  ignore line: [COLLECT_GCC_OPTIONS='-v' '-o' 'cmTC_83a4c' '-shared-libgcc' '-mtune=generic' '-march=x86-64']
  link line: [ /usr/lib/gcc/x86_64-pc-linux-gnu/7.1.1/collect2 -plugin /usr/lib/gcc/x86_64-pc-linux-gnu/7.1.1/liblto_plugin.so -plugin-opt=/usr/lib/gcc/x86_64-pc-linux-gnu/7.1.1/lto-wrapper -plugin-opt=-fresolution=/tmp/ccmHfMbo.res -plugin-opt=-pass-through=-lgcc_s -plugin-opt=-pass-through=-lgcc -plugin-opt=-pass-through=-lc -plugin-opt=-pass-through=-lgcc_s -plugin-opt=-pass-through=-lgcc --build-id --eh-frame-hdr --hash-style=gnu -m elf_x86_64 -dynamic-linker /lib64/ld-linux-x86-64.so.2 -o cmTC_83a4c /usr/lib/gcc/x86_64-pc-linux-gnu/7.1.1/../../../../lib/crt1.o /usr/lib/gcc/x86_64-pc-linux-gnu/7.1.1/../../../../lib/crti.o /usr/lib/gcc/x86_64-pc-linux-gnu/7.1.1/crtbegin.o -L/usr/lib/gcc/x86_64-pc-linux-gnu/7.1.1 -L/usr/lib/gcc/x86_64-pc-linux-gnu/7.1.1/../../../../lib -L/lib/../lib -L/usr/lib/../lib -L/usr/lib/gcc/x86_64-pc-linux-gnu/7.1.1/../../.. CMakeFiles/cmTC_83a4c.dir/CMakeCXXCompilerABI.cpp.o -lstdc++ -lm -lgcc_s -lgcc -lc -lgcc_s -lgcc /usr/lib/gcc/x86_64-pc-linux-gnu/7.1.1/crtend.o /usr/lib/gcc/x86_64-pc-linux-gnu/7.1.1/../../../../lib/crtn.o]
    arg [/usr/lib/gcc/x86_64-pc-linux-gnu/7.1.1/collect2] ==> ignore
    arg [-plugin] ==> ignore
    arg [/usr/lib/gcc/x86_64-pc-linux-gnu/7.1.1/liblto_plugin.so] ==> ignore
    arg [-plugin-opt=/usr/lib/gcc/x86_64-pc-linux-gnu/7.1.1/lto-wrapper] ==> ignore
    arg [-plugin-opt=-fresolution=/tmp/ccmHfMbo.res] ==> ignore
    arg [-plugin-opt=-pass-through=-lgcc_s] ==> ignore
    arg [-plugin-opt=-pass-through=-lgcc] ==> ignore
    arg [-plugin-opt=-pass-through=-lc] ==> ignore
    arg [-plugin-opt=-pass-through=-lgcc_s] ==> ignore
    arg [-plugin-opt=-pass-through=-lgcc] ==> ignore
    arg [--build-id] ==> ignore
    arg [--eh-frame-hdr] ==> ignore
    arg [--hash-style=gnu] ==> ignore
    arg [-m] ==> ignore
    arg [elf_x86_64] ==> ignore
    arg [-dynamic-linker] ==> ignore
    arg [/lib64/ld-linux-x86-64.so.2] ==> ignore
    arg [-o] ==> ignore
    arg [cmTC_83a4c] ==> ignore
    arg [/usr/lib/gcc/x86_64-pc-linux-gnu/7.1.1/../../../../lib/crt1.o] ==> ignore
    arg [/usr/lib/gcc/x86_64-pc-linux-gnu/7.1.1/../../../../lib/crti.o] ==> ignore
    arg [/usr/lib/gcc/x86_64-pc-linux-gnu/7.1.1/crtbegin.o] ==> ignore
    arg [-L/usr/lib/gcc/x86_64-pc-linux-gnu/7.1.1] ==> dir [/usr/lib/gcc/x86_64-pc-linux-gnu/7.1.1]
    arg [-L/usr/lib/gcc/x86_64-pc-linux-gnu/7.1.1/../../../../lib] ==> dir [/usr/lib/gcc/x86_64-pc-linux-gnu/7.1.1/../../../../lib]
    arg [-L/lib/../lib] ==> dir [/lib/../lib]
    arg [-L/usr/lib/../lib] ==> dir [/usr/lib/../lib]
    arg [-L/usr/lib/gcc/x86_64-pc-linux-gnu/7.1.1/../../..] ==> dir [/usr/lib/gcc/x86_64-pc-linux-gnu/7.1.1/../../..]
    arg [CMakeFiles/cmTC_83a4c.dir/CMakeCXXCompilerABI.cpp.o] ==> ignore
    arg [-lstdc++] ==> lib [stdc++]
    arg [-lm] ==> lib [m]
    arg [-lgcc_s] ==> lib [gcc_s]
    arg [-lgcc] ==> lib [gcc]
    arg [-lc] ==> lib [c]
    arg [-lgcc_s] ==> lib [gcc_s]
    arg [-lgcc] ==> lib [gcc]
    arg [/usr/lib/gcc/x86_64-pc-linux-gnu/7.1.1/crtend.o] ==> ignore
    arg [/usr/lib/gcc/x86_64-pc-linux-gnu/7.1.1/../../../../lib/crtn.o] ==> ignore
  remove lib [gcc_s]
  remove lib [gcc]
  remove lib [gcc_s]
  remove lib [gcc]
  collapse library dir [/usr/lib/gcc/x86_64-pc-linux-gnu/7.1.1] ==> [/usr/lib/gcc/x86_64-pc-linux-gnu/7.1.1]
  collapse library dir [/usr/lib/gcc/x86_64-pc-linux-gnu/7.1.1/../../../../lib] ==> [/usr/lib]
  collapse library dir [/lib/../lib] ==> [/lib]
  collapse library dir [/usr/lib/../lib] ==> [/usr/lib]
  collapse library dir [/usr/lib/gcc/x86_64-pc-linux-gnu/7.1.1/../../..] ==> [/usr/lib]
  implicit libs: [stdc++;m;c]
  implicit dirs: [/usr/lib/gcc/x86_64-pc-linux-gnu/7.1.1;/usr/lib;/lib]
  implicit fwks: []




Detecting CXX [-std=c++14] compiler features compiled with the following output:
Change Dir: /home/thedoga/WorkSpace/gomocup/src/wine-vs-goband/cmake-build-debug/CMakeFiles/CMakeTmp

Run Build Command:"/usr/bin/make" "cmTC_3dc7d/fast"
/usr/bin/make -f CMakeFiles/cmTC_3dc7d.dir/build.make CMakeFiles/cmTC_3dc7d.dir/build
make[1]: 进入目录“/home/thedoga/WorkSpace/gomocup/src/wine-vs-goband/cmake-build-debug/CMakeFiles/CMakeTmp”
Building CXX object CMakeFiles/cmTC_3dc7d.dir/feature_tests.cxx.o
/usr/bin/c++     -std=c++14 -o CMakeFiles/cmTC_3dc7d.dir/feature_tests.cxx.o -c /home/thedoga/WorkSpace/gomocup/src/wine-vs-goband/cmake-build-debug/CMakeFiles/feature_tests.cxx
Linking CXX executable cmTC_3dc7d
/home/thedoga/Software/clion-2017.1.2/bin/cmake/bin/cmake -E cmake_link_script CMakeFiles/cmTC_3dc7d.dir/link.txt --verbose=1
/usr/bin/c++        CMakeFiles/cmTC_3dc7d.dir/feature_tests.cxx.o  -o cmTC_3dc7d 
make[1]: 离开目录“/home/thedoga/WorkSpace/gomocup/src/wine-vs-goband/cmake-build-debug/CMakeFiles/CMakeTmp”


    Feature record: CXX_FEATURE:1cxx_aggregate_default_initializers
    Feature record: CXX_FEATURE:1cxx_alias_templates
    Feature record: CXX_FEATURE:1cxx_alignas
    Feature record: CXX_FEATURE:1cxx_alignof
    Feature record: CXX_FEATURE:1cxx_attributes
    Feature record: CXX_FEATURE:1cxx_attribute_deprecated
    Feature record: CXX_FEATURE:1cxx_auto_type
    Feature record: CXX_FEATURE:1cxx_binary_literals
    Feature record: CXX_FEATURE:1cxx_constexpr
    Feature record: CXX_FEATURE:1cxx_contextual_conversions
    Feature record: CXX_FEATURE:1cxx_decltype
    Feature record: CXX_FEATURE:1cxx_decltype_auto
    Feature record: CXX_FEATURE:1cxx_decltype_incomplete_return_types
    Feature record: CXX_FEATURE:1cxx_default_function_template_args
    Feature record: CXX_FEATURE:1cxx_defaulted_functions
    Feature record: CXX_FEATURE:1cxx_defaulted_move_initializers
    Feature record: CXX_FEATURE:1cxx_delegating_constructors
    Feature record: CXX_FEATURE:1cxx_deleted_functions
    Feature record: CXX_FEATURE:1cxx_digit_separators
    Feature record: CXX_FEATURE:1cxx_enum_forward_declarations
    Feature record: CXX_FEATURE:1cxx_explicit_conversions
    Feature record: CXX_FEATURE:1cxx_extended_friend_declarations
    Feature record: CXX_FEATURE:1cxx_extern_templates
    Feature record: CXX_FEATURE:1cxx_final
    Feature record: CXX_FEATURE:1cxx_func_identifier
    Feature record: CXX_FEATURE:1cxx_generalized_initializers
    Feature record: CXX_FEATURE:1cxx_generic_lambdas
    Feature record: CXX_FEATURE:1cxx_inheriting_constructors
    Feature record: CXX_FEATURE:1cxx_inline_namespaces
    Feature record: CXX_FEATURE:1cxx_lambdas
    Feature record: CXX_FEATURE:1cxx_lambda_init_captures
    Feature record: CXX_FEATURE:1cxx_local_type_template_args
    Feature record: CXX_FEATURE:1cxx_long_long_type
    Feature record: CXX_FEATURE:1cxx_noexcept
    Feature record: CXX_FEATURE:1cxx_nonstatic_member_init
    Feature record: CXX_FEATURE:1cxx_nullptr
    Feature record: CXX_FEATURE:1cxx_override
    Feature record: CXX_FEATURE:1cxx_range_for
    Feature record: CXX_FEATURE:1cxx_raw_string_literals
    Feature record: CXX_FEATURE:1cxx_reference_qualified_functions
    Feature record: CXX_FEATURE:1cxx_relaxed_constexpr
    Feature record: CXX_FEATURE:1cxx_return_type_deduction
    Feature record: CXX_FEATURE:1cxx_right_angle_brackets
    Feature record: CXX_FEATURE:1cxx_rvalue_references
    Feature record: CXX_FEATURE:1cxx_sizeof_member
    Feature record: CXX_FEATURE:1cxx_static_assert
    Feature record: CXX_FEATURE:1cxx_strong_enums
    Feature record: CXX_FEATURE:1cxx_template_template_parameters
    Feature record: CXX_FEATURE:1cxx_thread_local
    Feature record: CXX_FEATURE:1cxx_trailing_return_types
    Feature record: CXX_FEATURE:1cxx_unicode_literals
    Feature record: CXX_FEATURE:1cxx_uniform_initialization
    Feature record: CXX_FEATURE:1cxx_unrestricted_unions
    Feature record: CXX_FEATURE:1cxx_user_literals
    Feature record: CXX_FEATURE:1cxx_variable_templates
    Feature record: CXX_FEATURE:1cxx_variadic_macros
    Feature record: CXX_FEATURE:1cxx_variadic_templates


Detecting CXX [-std=c++11] compiler features compiled with the following output:
Change Dir: /home/thedoga/WorkSpace/gomocup/src/wine-vs-goband/cmake-build-debug/CMakeFiles/CMakeTmp

Run Build Command:"/usr/bin/make" "cmTC_5a933/fast"
/usr/bin/make -f CMakeFiles/cmTC_5a933.dir/build.make CMakeFiles/cmTC_5a933.dir/build
make[1]: 进入目录“/home/thedoga/WorkSpace/gomocup/src/wine-vs-goband/cmake-build-debug/CMakeFiles/CMakeTmp”
Building CXX object CMakeFiles/cmTC_5a933.dir/feature_tests.cxx.o
/usr/bin/c++     -std=c++11 -o CMakeFiles/cmTC_5a933.dir/feature_tests.cxx.o -c /home/thedoga/WorkSpace/gomocup/src/wine-vs-goband/cmake-build-debug/CMakeFiles/feature_tests.cxx
Linking CXX executable cmTC_5a933
/home/thedoga/Software/clion-2017.1.2/bin/cmake/bin/cmake -E cmake_link_script CMakeFiles/cmTC_5a933.dir/link.txt --verbose=1
/usr/bin/c++        CMakeFiles/cmTC_5a933.dir/feature_tests.cxx.o  -o cmTC_5a933 
make[1]: 离开目录“/home/thedoga/WorkSpace/gomocup/src/wine-vs-goband/cmake-build-debug/CMakeFiles/CMakeTmp”


    Feature record: CXX_FEATURE:0cxx_aggregate_default_initializers
    Feature record: CXX_FEATURE:1cxx_alias_templates
    Feature record: CXX_FEATURE:1cxx_alignas
    Feature record: CXX_FEATURE:1cxx_alignof
    Feature record: CXX_FEATURE:1cxx_attributes
    Feature record: CXX_FEATURE:0cxx_attribute_deprecated
    Feature record: CXX_FEATURE:1cxx_auto_type
    Feature record: CXX_FEATURE:0cxx_binary_literals
    Feature record: CXX_FEATURE:1cxx_constexpr
    Feature record: CXX_FEATURE:0cxx_contextual_conversions
    Feature record: CXX_FEATURE:1cxx_decltype
    Feature record: CXX_FEATURE:0cxx_decltype_auto
    Feature record: CXX_FEATURE:1cxx_decltype_incomplete_return_types
    Feature record: CXX_FEATURE:1cxx_default_function_template_args
    Feature record: CXX_FEATURE:1cxx_defaulted_functions
    Feature record: CXX_FEATURE:1cxx_defaulted_move_initializers
    Feature record: CXX_FEATURE:1cxx_delegating_constructors
    Feature record: CXX_FEATURE:1cxx_deleted_functions
    Feature record: CXX_FEATURE:0cxx_digit_separators
    Feature record: CXX_FEATURE:1cxx_enum_forward_declarations
    Feature record: CXX_FEATURE:1cxx_explicit_conversions
    Feature record: CXX_FEATURE:1cxx_extended_friend_declarations
    Feature record: CXX_FEATURE:1cxx_extern_templates
    Feature record: CXX_FEATURE:1cxx_final
    Feature record: CXX_FEATURE:1cxx_func_identifier
    Feature record: CXX_FEATURE:1cxx_generalized_initializers
    Feature record: CXX_FEATURE:0cxx_generic_lambdas
    Feature record: CXX_FEATURE:1cxx_inheriting_constructors
    Feature record: CXX_FEATURE:1cxx_inline_namespaces
    Feature record: CXX_FEATURE:1cxx_lambdas
    Feature record: CXX_FEATURE:0cxx_lambda_init_captures
    Feature record: CXX_FEATURE:1cxx_local_type_template_args
    Feature record: CXX_FEATURE:1cxx_long_long_type
    Feature record: CXX_FEATURE:1cxx_noexcept
    Feature record: CXX_FEATURE:1cxx_nonstatic_member_init
    Feature record: CXX_FEATURE:1cxx_nullptr
    Feature record: CXX_FEATURE:1cxx_override
    Feature record: CXX_FEATURE:1cxx_range_for
    Feature record: CXX_FEATURE:1cxx_raw_string_literals
    Feature record: CXX_FEATURE:1cxx_reference_qualified_functions
    Feature record: CXX_FEATURE:0cxx_relaxed_constexpr
    Feature record: CXX_FEATURE:0cxx_return_type_deduction
    Feature record: CXX_FEATURE:1cxx_right_angle_brackets
    Feature record: CXX_FEATURE:1cxx_rvalue_references
    Feature record: CXX_FEATURE:1cxx_sizeof_member
    Feature record: CXX_FEATURE:1cxx_static_assert
    Feature record: CXX_FEATURE:1cxx_strong_enums
    Feature record: CXX_FEATURE:1cxx_template_template_parameters
    Feature record: CXX_FEATURE:1cxx_thread_local
    Feature record: CXX_FEATURE:1cxx_trailing_return_types
    Feature record: CXX_FEATURE:1cxx_unicode_literals
    Feature record: CXX_FEATURE:1cxx_uniform_initialization
    Feature record: CXX_FEATURE:1cxx_unrestricted_unions
    Feature record: CXX_FEATURE:1cxx_user_literals
    Feature record: CXX_FEATURE:0cxx_variable_templates
    Feature record: CXX_FEATURE:1cxx_variadic_macros
    Feature record: CXX_FEATURE:1cxx_variadic_templates


Detecting CXX [-std=c++98] compiler features compiled with the following output:
Change Dir: /home/thedoga/WorkSpace/gomocup/src/wine-vs-goband/cmake-build-debug/CMakeFiles/CMakeTmp

Run Build Command:"/usr/bin/make" "cmTC_c47bb/fast"
/usr/bin/make -f CMakeFiles/cmTC_c47bb.dir/build.make CMakeFiles/cmTC_c47bb.dir/build
make[1]: 进入目录“/home/thedoga/WorkSpace/gomocup/src/wine-vs-goband/cmake-build-debug/CMakeFiles/CMakeTmp”
Building CXX object CMakeFiles/cmTC_c47bb.dir/feature_tests.cxx.o
/usr/bin/c++     -std=c++98 -o CMakeFiles/cmTC_c47bb.dir/feature_tests.cxx.o -c /home/thedoga/WorkSpace/gomocup/src/wine-vs-goband/cmake-build-debug/CMakeFiles/feature_tests.cxx
Linking CXX executable cmTC_c47bb
/home/thedoga/Software/clion-2017.1.2/bin/cmake/bin/cmake -E cmake_link_script CMakeFiles/cmTC_c47bb.dir/link.txt --verbose=1
/usr/bin/c++        CMakeFiles/cmTC_c47bb.dir/feature_tests.cxx.o  -o cmTC_c47bb 
make[1]: 离开目录“/home/thedoga/WorkSpace/gomocup/src/wine-vs-goband/cmake-build-debug/CMakeFiles/CMakeTmp”


    Feature record: CXX_FEATURE:0cxx_aggregate_default_initializers
    Feature record: CXX_FEATURE:0cxx_alias_templates
    Feature record: CXX_FEATURE:0cxx_alignas
    Feature record: CXX_FEATURE:0cxx_alignof
    Feature record: CXX_FEATURE:0cxx_attributes
    Feature record: CXX_FEATURE:0cxx_attribute_deprecated
    Feature record: CXX_FEATURE:0cxx_auto_type
    Feature record: CXX_FEATURE:0cxx_binary_literals
    Feature record: CXX_FEATURE:0cxx_constexpr
    Feature record: CXX_FEATURE:0cxx_contextual_conversions
    Feature record: CXX_FEATURE:0cxx_decltype
    Feature record: CXX_FEATURE:0cxx_decltype_auto
    Feature record: CXX_FEATURE:0cxx_decltype_incomplete_return_types
    Feature record: CXX_FEATURE:0cxx_default_function_template_args
    Feature record: CXX_FEATURE:0cxx_defaulted_functions
    Feature record: CXX_FEATURE:0cxx_defaulted_move_initializers
    Feature record: CXX_FEATURE:0cxx_delegating_constructors
    Feature record: CXX_FEATURE:0cxx_deleted_functions
    Feature record: CXX_FEATURE:0cxx_digit_separators
    Feature record: CXX_FEATURE:0cxx_enum_forward_declarations
    Feature record: CXX_FEATURE:0cxx_explicit_conversions
    Feature record: CXX_FEATURE:0cxx_extended_friend_declarations
    Feature record: CXX_FEATURE:0cxx_extern_templates
    Feature record: CXX_FEATURE:0cxx_final
    Feature record: CXX_FEATURE:0cxx_func_identifier
    Feature record: CXX_FEATURE:0cxx_generalized_initializers
    Feature record: CXX_FEATURE:0cxx_generic_lambdas
    Feature record: CXX_FEATURE:0cxx_inheriting_constructors
    Feature record: CXX_FEATURE:0cxx_inline_namespaces
    Feature record: CXX_FEATURE:0cxx_lambdas
    Feature record: CXX_FEATURE:0cxx_lambda_init_captures
    Feature record: CXX_FEATURE:0cxx_local_type_template_args
    Feature record: CXX_FEATURE:0cxx_long_long_type
    Feature record: CXX_FEATURE:0cxx_noexcept
    Feature record: CXX_FEATURE:0cxx_nonstatic_member_init
    Feature record: CXX_FEATURE:0cxx_nullptr
    Feature record: CXX_FEATURE:0cxx_override
    Feature record: CXX_FEATURE:0cxx_range_for
    Feature record: CXX_FEATURE:0cxx_raw_string_literals
    Feature record: CXX_FEATURE:0cxx_reference_qualified_functions
    Feature record: CXX_FEATURE:0cxx_relaxed_constexpr
    Feature record: CXX_FEATURE:0cxx_return_type_deduction
    Feature record: CXX_FEATURE:0cxx_right_angle_brackets
    Feature record: CXX_FEATURE:0cxx_rvalue_references
    Feature record: CXX_FEATURE:0cxx_sizeof_member
    Feature record: CXX_FEATURE:0cxx_static_assert
    Feature record: CXX_FEATURE:0cxx_strong_enums
    Feature record: CXX_FEATURE:1cxx_template_template_parameters
    Feature record: CXX_FEATURE:0cxx_thread_local
    Feature record: CXX_FEATURE:0cxx_trailing_return_types
    Feature record: CXX_FEATURE:0cxx_unicode_literals
    Feature record: CXX_FEATURE:0cxx_uniform_initialization
    Feature record: CXX_FEATURE:0cxx_unrestricted_unions
    Feature record: CXX_FEATURE:0cxx_user_literals
    Feature record: CXX_FEATURE:0cxx_variable_templates
    Feature record: CXX_FEATURE:0cxx_variadic_macros
    Feature record: CXX_FEATURE:0cxx_variadic_templates
